<?xml version="1.0" encoding="utf-8"?><testsuites name="pytest tests"><testsuite name="pytest" errors="0" failures="0" skipped="0" tests="16" time="5.662" timestamp="2026-04-17T16:11:17.174615+00:00" hostname="agent-env-303069a1-8d20-46bd-a0a0-9cc0b28ed679"><testcase classname="backend.tests.test_fip_api_v3.TestHealthAndRebrand" name="test_api_root_service_name" time="0.218" /><testcase classname="backend.tests.test_fip_api_v3.TestClauseVersioningOnAnyChange" name="test_patch_clause_title_only_creates_v2" time="0.683" /><testcase classname="backend.tests.test_fip_api_v3.TestClauseVersioningOnAnyChange" name="test_patch_clause_tags_only_creates_v3" time="0.350" /><testcase classname="backend.tests.test_fip_api_v3.TestClauseVersioningOnAnyChange" name="test_patch_clause_category_only_creates_new_version" time="0.272" /><testcase classname="backend.tests.test_fip_api_v3.TestClauseVersioningOnAnyChange" name="test_patch_clause_approval_only_does_not_create_version" time="0.259" /><testcase classname="backend.tests.test_fip_api_v3.TestClauseLastModifiedFields" name="test_clause_response_includes_last_modified_fields" time="0.119" /><testcase classname="backend.tests.test_fip_api_v3.TestClauseLastModifiedFields" name="test_clause_version_includes_created_by_role_and_changed_fields" time="0.352" /><testcase classname="backend.tests.test_fip_api_v3.TestRecapVersioningAndLastModified" name="test_patch_recap_structured_includes_changed_fields" time="0.254" /><testcase classname="backend.tests.test_fip_api_v3.TestRecapVersioningAndLastModified" name="test_recap_response_includes_last_modified_fields" time="0.115" /><testcase classname="backend.tests.test_fip_api_v3.TestRecapVersioningAndLastModified" name="test_link_clauses_bumps_last_modified" time="0.959" /><testcase classname="backend.tests.test_fip_api_v3.TestRecapVersioningAndLastModified" name="test_approval_action_bumps_last_modified" time="0.868" /><testcase classname="backend.tests.test_fip_api_v3.TestActivityLogPerEntity" name="test_get_audit_for_clause" time="0.334" /><testcase classname="backend.tests.test_fip_api_v3.TestActivityLogPerEntity" name="test_audit_includes_user_role" time="0.254" /><testcase classname="backend.tests.test_fip_api_v3.TestCreationSetsLastModified" name="test_create_clause_sets_last_modified_to_creator" time="0.170" /><testcase classname="backend.tests.test_fip_api_v3.TestCreationSetsLastModified" name="test_create_recap_sets_last_modified_to_creator" time="0.110" /><testcase classname="backend.tests.test_fip_api_v3.TestMultipleFieldChanges" name="test_patch_clause_multiple_fields_tracks_all" time="0.243" /></testsuite></testsuites>