<?xml version="1.0" encoding="utf-8"?><testsuites name="pytest tests"><testsuite name="pytest" errors="0" failures="0" skipped="0" tests="30" time="14.671" timestamp="2026-04-17T15:42:53.469102+00:00" hostname="agent-env-303069a1-8d20-46bd-a0a0-9cc0b28ed679"><testcase classname="backend.tests.test_fip_api_v2.TestHealthCheck" name="test_api_root" time="0.227" /><testcase classname="backend.tests.test_fip_api_v2.TestClauseCRUD" name="test_create_clause_with_v1" time="0.532" /><testcase classname="backend.tests.test_fip_api_v2.TestClauseCRUD" name="test_list_clauses" time="0.128" /><testcase classname="backend.tests.test_fip_api_v2.TestClauseCRUD" name="test_list_clauses_with_category_filter" time="0.257" /><testcase classname="backend.tests.test_fip_api_v2.TestClauseCRUD" name="test_list_clauses_with_tag_filter" time="0.103" /><testcase classname="backend.tests.test_fip_api_v2.TestClauseCRUD" name="test_list_clauses_with_search" time="0.250" /><testcase classname="backend.tests.test_fip_api_v2.TestClauseCRUD" name="test_get_clause_with_versions" time="0.246" /><testcase classname="backend.tests.test_fip_api_v2.TestClauseCRUD" name="test_patch_clause_creates_v2" time="0.337" /><testcase classname="backend.tests.test_fip_api_v2.TestClauseCRUD" name="test_patch_clause_approve_requires_legal_admin" time="0.679" /><testcase classname="backend.tests.test_fip_api_v2.TestClauseCRUD" name="test_delete_clause_requires_legal_admin" time="0.671" /><testcase classname="backend.tests.test_fip_api_v2.TestClauseCompare" name="test_compare_clauses_returns_ai_analysis" time="4.720" /><testcase classname="backend.tests.test_fip_api_v2.TestAttachments" name="test_upload_attachment" time="0.484" /><testcase classname="backend.tests.test_fip_api_v2.TestAttachments" name="test_list_attachments_by_recap" time="0.761" /><testcase classname="backend.tests.test_fip_api_v2.TestAttachments" name="test_download_attachment_with_auth_query" time="0.649" /><testcase classname="backend.tests.test_fip_api_v2.TestAttachments" name="test_delete_attachment_soft_deletes" time="0.602" /><testcase classname="backend.tests.test_fip_api_v2.TestAuditTrail" name="test_audit_by_entity" time="0.251" /><testcase classname="backend.tests.test_fip_api_v2.TestAuditTrail" name="test_audit_general_feed" time="0.107" /><testcase classname="backend.tests.test_fip_api_v2.TestNoticeboard" name="test_create_notice" time="0.120" /><testcase classname="backend.tests.test_fip_api_v2.TestNoticeboard" name="test_list_notices_pinned_first" time="0.340" /><testcase classname="backend.tests.test_fip_api_v2.TestNoticeboard" name="test_delete_notice_owner_only" time="0.659" /><testcase classname="backend.tests.test_fip_api_v2.TestAlerts" name="test_get_alerts" time="0.250" /><testcase classname="backend.tests.test_fip_api_v2.TestVesselLookup" name="test_lookup_bahri_abha_found" time="0.103" /><testcase classname="backend.tests.test_fip_api_v2.TestVesselLookup" name="test_lookup_by_imo" time="0.111" /><testcase classname="backend.tests.test_fip_api_v2.TestVesselLookup" name="test_lookup_not_found" time="0.108" /><testcase classname="backend.tests.test_fip_api_v2.TestVesselLookup" name="test_lookup_other_vessels" time="0.601" /><testcase classname="backend.tests.test_fip_api_v2.TestRecapCharterPartyId" name="test_recap_has_charter_party_id" time="0.117" /><testcase classname="backend.tests.test_fip_api_v2.TestRecapCharterPartyId" name="test_recap_creates_audit_log" time="0.211" /><testcase classname="backend.tests.test_fip_api_v2.TestLinkedClauses" name="test_link_clauses_to_recap" time="0.622" /><testcase classname="backend.tests.test_fip_api_v2.TestStatsWithClauses" name="test_stats_includes_clauses" time="0.108" /><testcase classname="backend.tests.test_fip_api_v2.TestSeedWithClauses" name="test_seed_creates_clauses_and_notices" time="0.192" /></testsuite></testsuites>