<?xml version="1.0" encoding="utf-8"?><testsuites name="pytest tests"><testsuite name="pytest" errors="0" failures="2" skipped="0" tests="30" time="18.954" timestamp="2026-04-17T15:10:57.290322+00:00" hostname="agent-env-303069a1-8d20-46bd-a0a0-9cc0b28ed679"><testcase classname="backend.tests.test_fip_api.TestHealthCheck" name="test_api_root" time="0.324" /><testcase classname="backend.tests.test_fip_api.TestAuth" name="test_register_chartering_user" time="0.490" /><testcase classname="backend.tests.test_fip_api.TestAuth" name="test_register_operations_user" time="0.372" /><testcase classname="backend.tests.test_fip_api.TestAuth" name="test_register_legal_user" time="0.342" /><testcase classname="backend.tests.test_fip_api.TestAuth" name="test_register_duplicate_email" time="0.488" /><testcase classname="backend.tests.test_fip_api.TestAuth" name="test_login_success" time="0.726" /><testcase classname="backend.tests.test_fip_api.TestAuth" name="test_login_invalid_credentials" time="0.127" /><testcase classname="backend.tests.test_fip_api.TestAuth" name="test_me_endpoint" time="0.500" /><testcase classname="backend.tests.test_fip_api.TestAuth" name="test_unauthorized_without_token" time="0.119" /><testcase classname="backend.tests.test_fip_api.TestAdminLogin" name="test_admin_login" time="0.358" /><testcase classname="backend.tests.test_fip_api.TestRecapsCRUD" name="test_create_recap" time="0.514" /><testcase classname="backend.tests.test_fip_api.TestRecapsCRUD" name="test_list_recaps" time="0.454" /><testcase classname="backend.tests.test_fip_api.TestRecapsCRUD" name="test_filter_recaps_by_status" time="0.468" /><testcase classname="backend.tests.test_fip_api.TestRecapsCRUD" name="test_filter_recaps_by_vessel" time="0.624" /><testcase classname="backend.tests.test_fip_api.TestRecapsCRUD" name="test_get_single_recap" time="0.610" /><testcase classname="backend.tests.test_fip_api.TestRecapsCRUD" name="test_patch_creates_new_version" time="0.629" /><testcase classname="backend.tests.test_fip_api.TestRecapsCRUD" name="test_get_nonexistent_recap" time="0.476" /><testcase classname="backend.tests.test_fip_api.TestApprovalWorkflow" name="test_submit_for_review" time="0.801" /><testcase classname="backend.tests.test_fip_api.TestApprovalWorkflow" name="test_approve_recap" time="0.809" /><testcase classname="backend.tests.test_fip_api.TestApprovalWorkflow" name="test_reject_recap" time="0.827" /><testcase classname="backend.tests.test_fip_api.TestApprovalWorkflow" name="test_mark_as_fixed" time="0.960" /><testcase classname="backend.tests.test_fip_api.TestApprovalWorkflow" name="test_chartering_cannot_approve" time="0.774" /><testcase classname="backend.tests.test_fip_api.TestApprovalWorkflow" name="test_list_approvals" time="0.794"><failure message="assert '_id' not in &quot;[{'id': 'b5...979+00:00'}]&quot;&#10;  &#10;  '_id' is contained here:&#10;    [{'id': 'b5fae0be-66d8-4a04-8e83-093eb0d9c800', 'recap_id': 'cb8d8d12-0b9e-4385-8598-931212acb2ae', 'user_id': '347b57c5-c7b1-4c54-901e-96d938d2ed76', 'user_name': 'Admin User', 'user_role': 'admin', 'action': 'submitted', 'comment': None, 'created_at': '2026-04-17T15:11:09.889979+00:00'}]">backend/tests/test_fip_api.py:568: in test_list_approvals
    assert "_id" not in str(data)
E   assert '_id' not in "[{'id': 'b5...979+00:00'}]"
E     
E     '_id' is contained here:
E       [{'id': 'b5fae0be-66d8-4a04-8e83-093eb0d9c800', 'recap_id': 'cb8d8d12-0b9e-4385-8598-931212acb2ae', 'user_id': '347b57c5-c7b1-4c54-901e-96d938d2ed76', 'user_name': 'Admin User', 'user_role': 'admin', 'action': 'submitted', 'comment': None, 'created_at': '2026-04-17T15:11:09.889979+00:00'}]</failure></testcase><testcase classname="backend.tests.test_fip_api.TestComments" name="test_create_comment" time="0.631"><failure message="assert '_id' not in &quot;{'id': 'ffd...7919+00:00'}&quot;&#10;  &#10;  '_id' is contained here:&#10;  ?                                                      ^^^^^^^^^^^^^^^^^^^^^^^^^^^^^^^^^^^^^^^^^^&#10;    {'id': 'ffd959cf-121d-43d2-b881-ce74bc3cbe35', 'recap_id': 'cb06e7f2-a45f-47de-a27c-d38efd82606a', 'user_id': '347b57c5-c7b1-4c54-901e-96d938d2ed76', 'user_name': 'Admin User', 'user_role': 'admin', 'text': 'This is a test comment', 'created_at': '2026-04-17T15:11:10.657919+00:00'}&#10;  ?                                                      ^^^^^^^^^^^^^^^^^^^^^^^^^^^^^^^^^^^^^^^^^^^^^">backend/tests/test_fip_api.py:614: in test_create_comment
    assert "_id" not in str(data)
E   assert '_id' not in "{'id': 'ffd...7919+00:00'}"
E     
E     '_id' is contained here:
E     ?                                                      ^^^^^^^^^^^^^^^^^^^^^^^^^^^^^^^^^^^^^^^^^^
E       {'id': 'ffd959cf-121d-43d2-b881-ce74bc3cbe35', 'recap_id': 'cb06e7f2-a45f-47de-a27c-d38efd82606a', 'user_id': '347b57c5-c7b1-4c54-901e-96d938d2ed76', 'user_name': 'Admin User', 'user_role': 'admin', 'text': 'This is a test comment', 'created_at': '2026-04-17T15:11:10.657919+00:00'}
E     ?                                                      ^^^^^^^^^^^^^^^^^^^^^^^^^^^^^^^^^^^^^^^^^^^^^</failure></testcase><testcase classname="backend.tests.test_fip_api.TestComments" name="test_list_comments" time="0.879" /><testcase classname="backend.tests.test_fip_api.TestStats" name="test_get_stats" time="0.488" /><testcase classname="backend.tests.test_fip_api.TestSeed" name="test_seed_as_admin" time="0.475" /><testcase classname="backend.tests.test_fip_api.TestSeed" name="test_seed_as_chartering_forbidden" time="0.475" /><testcase classname="backend.tests.test_fip_api.TestAIParser" name="test_parse_broker_text" time="2.732" /><testcase classname="backend.tests.test_fip_api.TestAIParser" name="test_parse_empty_text" time="0.477" /></testsuite></testsuites>